c:\users\sarue\desktop\professional\finalgame_rosibeluseda\finalgame_rosibeluseda\blit3dv3\x64\debug\vc143.pdb
c:\users\sarue\desktop\professional\finalgame_rosibeluseda\finalgame_rosibeluseda\blit3dv3\x64\debug\vc143.idb
c:\users\sarue\desktop\professional\finalgame_rosibeluseda\finalgame_rosibeluseda\blit3dv3\x64\debug\main.obj
c:\users\sarue\desktop\professional\finalgame_rosibeluseda\finalgame_rosibeluseda\blit3dv3\x64\debug\letter.obj
c:\users\sarue\desktop\professional\finalgame_rosibeluseda\finalgame_rosibeluseda\blit3dv3\x64\debug\texturemanager.obj
c:\users\sarue\desktop\professional\finalgame_rosibeluseda\finalgame_rosibeluseda\blit3dv3\x64\debug\sprite.obj
c:\users\sarue\desktop\professional\finalgame_rosibeluseda\finalgame_rosibeluseda\blit3dv3\x64\debug\shadermanager.obj
c:\users\sarue\desktop\professional\finalgame_rosibeluseda\finalgame_rosibeluseda\blit3dv3\x64\debug\renderbuffer.obj
c:\users\sarue\desktop\professional\finalgame_rosibeluseda\finalgame_rosibeluseda\blit3dv3\x64\debug\logger.obj
c:\users\sarue\desktop\professional\finalgame_rosibeluseda\finalgame_rosibeluseda\blit3dv3\x64\debug\glutils.obj
c:\users\sarue\desktop\professional\finalgame_rosibeluseda\finalgame_rosibeluseda\blit3dv3\x64\debug\glslprogram.obj
c:\users\sarue\desktop\professional\finalgame_rosibeluseda\finalgame_rosibeluseda\blit3dv3\x64\debug\byteswap.obj
c:\users\sarue\desktop\professional\finalgame_rosibeluseda\finalgame_rosibeluseda\blit3dv3\x64\debug\blit3d.obj
c:\users\sarue\desktop\professional\finalgame_rosibeluseda\finalgame_rosibeluseda\blit3dv3\x64\debug\bfont.obj
c:\users\sarue\desktop\professional\finalgame_rosibeluseda\finalgame_rosibeluseda\blit3dv3\x64\debug\angelcodefont.obj
c:\users\sarue\desktop\professional\finalgame_rosibeluseda\finalgame_rosibeluseda\blit3dv3\x64\debug\window.obj
c:\users\sarue\desktop\professional\finalgame_rosibeluseda\finalgame_rosibeluseda\blit3dv3\x64\debug\win32_window.obj
c:\users\sarue\desktop\professional\finalgame_rosibeluseda\finalgame_rosibeluseda\blit3dv3\x64\debug\win32_tls.obj
c:\users\sarue\desktop\professional\finalgame_rosibeluseda\finalgame_rosibeluseda\blit3dv3\x64\debug\win32_time.obj
c:\users\sarue\desktop\professional\finalgame_rosibeluseda\finalgame_rosibeluseda\blit3dv3\x64\debug\win32_monitor.obj
c:\users\sarue\desktop\professional\finalgame_rosibeluseda\finalgame_rosibeluseda\blit3dv3\x64\debug\win32_joystick.obj
c:\users\sarue\desktop\professional\finalgame_rosibeluseda\finalgame_rosibeluseda\blit3dv3\x64\debug\win32_init.obj
c:\users\sarue\desktop\professional\finalgame_rosibeluseda\finalgame_rosibeluseda\blit3dv3\x64\debug\wgl_context.obj
c:\users\sarue\desktop\professional\finalgame_rosibeluseda\finalgame_rosibeluseda\blit3dv3\x64\debug\vulkan.obj
c:\users\sarue\desktop\professional\finalgame_rosibeluseda\finalgame_rosibeluseda\blit3dv3\x64\debug\monitor.obj
c:\users\sarue\desktop\professional\finalgame_rosibeluseda\finalgame_rosibeluseda\blit3dv3\x64\debug\input.obj
c:\users\sarue\desktop\professional\finalgame_rosibeluseda\finalgame_rosibeluseda\blit3dv3\x64\debug\init.obj
c:\users\sarue\desktop\professional\finalgame_rosibeluseda\finalgame_rosibeluseda\blit3dv3\x64\debug\egl_context.obj
c:\users\sarue\desktop\professional\finalgame_rosibeluseda\finalgame_rosibeluseda\blit3dv3\x64\debug\context.obj
c:\users\sarue\desktop\professional\finalgame_rosibeluseda\finalgame_rosibeluseda\blit3dv3\x64\debug\glew.obj
c:\users\sarue\desktop\professional\finalgame_rosibeluseda\finalgame_rosibeluseda\blit3dv3\x64\debug\keysmasher.ilk
c:\users\sarue\desktop\professional\finalgame_rosibeluseda\finalgame_rosibeluseda\x64\debug\keysmasher.exe
c:\users\sarue\desktop\professional\finalgame_rosibeluseda\finalgame_rosibeluseda\x64\debug\keysmasher.pdb
c:\users\sarue\desktop\professional\finalgame_rosibeluseda\finalgame_rosibeluseda\blit3dv3\x64\debug\blit3dv3.ilk
c:\users\sarue\desktop\professional\finalgame_rosibeluseda\finalgame_rosibeluseda\blit3dv3\x64\debug\keysmasher.tlog\cl.command.1.tlog
c:\users\sarue\desktop\professional\finalgame_rosibeluseda\finalgame_rosibeluseda\blit3dv3\x64\debug\keysmasher.tlog\cl.items.tlog
c:\users\sarue\desktop\professional\finalgame_rosibeluseda\finalgame_rosibeluseda\blit3dv3\x64\debug\keysmasher.tlog\cl.read.1.tlog
c:\users\sarue\desktop\professional\finalgame_rosibeluseda\finalgame_rosibeluseda\blit3dv3\x64\debug\keysmasher.tlog\cl.write.1.tlog
c:\users\sarue\desktop\professional\finalgame_rosibeluseda\finalgame_rosibeluseda\blit3dv3\x64\debug\keysmasher.tlog\link.command.1.tlog
c:\users\sarue\desktop\professional\finalgame_rosibeluseda\finalgame_rosibeluseda\blit3dv3\x64\debug\keysmasher.tlog\link.read.1.tlog
c:\users\sarue\desktop\professional\finalgame_rosibeluseda\finalgame_rosibeluseda\blit3dv3\x64\debug\keysmasher.tlog\link.write.1.tlog
